<?xml version="1.0" encoding="UTF-8"?>
<testng-results ignored="0" total="1" passed="1" failed="0" skipped="0">
  <reporter-output>
  </reporter-output>
  <suite started-at="2026-01-10T19:21:41 SAST" name="Default suite" finished-at="2026-01-10T19:21:44 SAST" duration-ms="2865">
    <groups>
    </groups>
    <test started-at="2026-01-10T19:21:41 SAST" name="Default test" finished-at="2026-01-10T19:21:44 SAST" duration-ms="2865">
      <class name="com.api.tests.UserApiTests">
        <test-method is-config="true" signature="setup()[pri:0, instance:com.api.tests.UserApiTests@3f6f6701]" started-at="2026-01-10T19:21:41 SAST" name="setup" finished-at="2026-01-10T19:21:42 SAST" duration-ms="385" status="PASS">
          <reporter-output>
          </reporter-output>
        </test-method> <!-- setup -->
        <test-method signature="verifyGetUsers()[pri:0, instance:com.api.tests.UserApiTests@3f6f6701]" started-at="2026-01-10T19:21:42 SAST" name="verifyGetUsers" finished-at="2026-01-10T19:21:44 SAST" duration-ms="2442" status="PASS">
          <reporter-output>
          </reporter-output>
        </test-method> <!-- verifyGetUsers -->
      </class> <!-- com.api.tests.UserApiTests -->
    </test> <!-- Default test -->
  </suite> <!-- Default suite -->
</testng-results>
