<?xml version="1.0" encoding="UTF-8"?>
<testng-results ignored="0" total="1" passed="1" failed="0" skipped="0">
  <reporter-output>
  </reporter-output>
  <suite started-at="2026-01-12T14:10:57 SAST" name="Default suite" finished-at="2026-01-12T14:11:00 SAST" duration-ms="2979">
    <groups>
    </groups>
    <test started-at="2026-01-12T14:10:57 SAST" name="Default test" finished-at="2026-01-12T14:11:00 SAST" duration-ms="2979">
      <class name="com.api.tests.UserApiTests">
        <test-method is-config="true" signature="setup()[pri:0, instance:com.api.tests.UserApiTests@942a29c]" started-at="2026-01-12T14:10:58 SAST" name="setup" finished-at="2026-01-12T14:10:58 SAST" duration-ms="349" status="PASS">
          <reporter-output>
          </reporter-output>
        </test-method> <!-- setup -->
        <test-method signature="verifyDeleteLatestUser()[pri:0, instance:com.api.tests.UserApiTests@942a29c]" started-at="2026-01-12T14:10:58 SAST" name="verifyDeleteLatestUser" finished-at="2026-01-12T14:11:00 SAST" duration-ms="2593" status="PASS">
          <reporter-output>
          </reporter-output>
        </test-method> <!-- verifyDeleteLatestUser -->
      </class> <!-- com.api.tests.UserApiTests -->
    </test> <!-- Default test -->
  </suite> <!-- Default suite -->
</testng-results>
